<?xml version="1.0" encoding="UTF-8"?>
<beans xmlns="http://www.springframework.org/schema/beans"
    xmlns:xsi="http://www.w3.org/2001/XMLSchema-instance"
    xmlns:context="http://www.springframework.org/schema/context"
    xmlns:p="http://www.springframework.org/schema/p"
    xsi:schemaLocation="http://www.springframework.org/schema/beans http://www.springframework.org/schema/beans/spring-beans-3.0.xsd
		http://www.springframework.org/schema/context http://www.springframework.org/schema/context/spring-context-3.1.xsd" >

    <bean id="servletContext" class="org.springframework.mock.web.MockServletContext" />
    <bean id="dataSource" class="com.mchange.v2.c3p0.ComboPooledDataSource"
          destroy-method="close">
         <property name="driverClass" value="com.mysql.jdbc.Driver" />
        <property name="jdbcUrl" value="jdbc:mysql://localhost:3306/library_test" />
        <property name="user" value="root" />
        <property name="password" value="root" />
    </bean>
    <bean id="request" name="request" class=" org.springframework.mock.web.MockHttpServletRequest" />
    <import resource="./jpa-tx-config.xml"/>
    <context:annotation-config/>
    <context:component-scan base-package="library.service.impl"/>  
	<import resource="tools.xml"/>
    <bean id="mailerToolTest" name="mailerTool" class="library.tools.MailerTool">
	    <property name="mailSender" ref="mailSender" />
        <property name="velocityEngine" ref="velocityEngine"/>
	    <property name="sender" value="X@gmail.com" />
	    <property name="localeResolver" ref="localeResolver" />
	    <property name="servletContext" ref="servletContext" />
    </bean>
	<import resource="security.xml"/><import resource="conv-app-context.xml"/>
    <import resource="app-webmvc-config.xml"/>
    <import resource="conv-app-context.xml"/>
    <import resource="jsr303-app-context.xml"/>
    <import resource="scheduled-context.xml"/>
    <bean id="cacheManager" class="org.springframework.cache.support.SimpleCacheManager">
	<property name="caches">
	<set>
		<bean class="org.springframework.cache.concurrent.ConcurrentMapCacheFactoryBean" p:name="default"/>
		<bean class="org.springframework.cache.concurrent.ConcurrentMapCacheFactoryBean" p:name="books"/>
	</set>
	</property>
</bean><!--<bean id="conversionService" class="org.springframework.format.support.FormattingConversionServiceFactoryBean" />
    
    <context:annotation-config />
    <context:component-scan base-package="library.model.repository, library.service.impl, library.controller, library.controller.backend, library.service, library.model"/>
    <import resource="blogapp-webmvc-config.xml"/>
    <import resource="conv-app-context.xml"/>
    <import resource="jpa-service-context.xml"/>
    <import resource="jpa-tx-config.xml"/>
    <import resource="jsr303-app-context.xml"/>
    <import resource="root-context.xml"/>
    <import resource="scheduled-context.xml"/>
    <import resource="security.xml"/>
    
    <import resource="view-context.xml"/>
    <import resource="webflow-context.xml"/>-->
</beans>
